Determining if the pthread_create exist failed with the following output:
Change Dir: /home/lev/Git/evn_open_poker/build/CMakeFiles/CMakeTmp

Run Build Command:"/usr/bin/make" "cmTC_88e8a/fast"
/usr/bin/make -f CMakeFiles/cmTC_88e8a.dir/build.make CMakeFiles/cmTC_88e8a.dir/build
make[1]: Entering directory '/home/lev/Git/evn_open_poker/build/CMakeFiles/CMakeTmp'
Building C object CMakeFiles/cmTC_88e8a.dir/CheckSymbolExists.c.o
/usr/bin/cc    -o CMakeFiles/cmTC_88e8a.dir/CheckSymbolExists.c.o   -c /home/lev/Git/evn_open_poker/build/CMakeFiles/CMakeTmp/CheckSymbolExists.c
Linking C executable cmTC_88e8a
/usr/local/bin/cmake -E cmake_link_script CMakeFiles/cmTC_88e8a.dir/link.txt --verbose=1
/usr/bin/cc      -rdynamic CMakeFiles/cmTC_88e8a.dir/CheckSymbolExists.c.o  -o cmTC_88e8a 
CMakeFiles/cmTC_88e8a.dir/CheckSymbolExists.c.o: In function `main':
CheckSymbolExists.c:(.text+0x16): undefined reference to `pthread_create'
collect2: error: ld returned 1 exit status
CMakeFiles/cmTC_88e8a.dir/build.make:97: recipe for target 'cmTC_88e8a' failed
make[1]: *** [cmTC_88e8a] Error 1
make[1]: Leaving directory '/home/lev/Git/evn_open_poker/build/CMakeFiles/CMakeTmp'
Makefile:126: recipe for target 'cmTC_88e8a/fast' failed
make: *** [cmTC_88e8a/fast] Error 2

File /home/lev/Git/evn_open_poker/build/CMakeFiles/CMakeTmp/CheckSymbolExists.c:
/* */
#include <pthread.h>

int main(int argc, char** argv)
{
  (void)argv;
#ifndef pthread_create
  return ((int*)(&pthread_create))[argc];
#else
  (void)argc;
  return 0;
#endif
}

